TpTrace Verbose: 0 : 19760, 1, 2022/01/05, 21:16:35.780, 30705440671, vstest.console.dll, Version: 16.8.3
TpTrace Information: 0 : 19760, 1, 2022/01/05, 21:16:35.791, 30705546016, vstest.console.dll, FilePatternParser: The given file D:\Work\UP\codecov-test-project\CodeCovSampleTestProject.UnitTests\bin\Debug\netcoreapp3.1\fine-code-coverage\build-output\CodeCovSampleTestProject.UnitTests.dll is a full path.
TpTrace Verbose: 0 : 19760, 1, 2022/01/05, 21:16:35.801, 30705642304, vstest.console.dll, TestPluginCache.DiscoverTestExtensions: finding test extensions in assemblies ends with: RuntimeProvider.dll TPluginInfo: Microsoft.VisualStudio.TestPlatform.Common.ExtensionFramework.Utilities.TestRuntimePluginInformation TExtension: Microsoft.VisualStudio.TestPlatform.ObjectModel.Host.ITestRuntimeProvider
TpTrace Verbose: 0 : 19760, 1, 2022/01/05, 21:16:35.801, 30705648035, vstest.console.dll, TestPluginCache.GetExtensionPaths: Filtered extension paths: 
TpTrace Verbose: 0 : 19760, 1, 2022/01/05, 21:16:35.801, 30705649246, vstest.console.dll, TestPluginCache.GetExtensionPaths: Added default extension paths: C:\Program Files\dotnet\sdk\5.0.103\Extensions\Microsoft.Diagnostics.NETCore.Client.dll
C:\Program Files\dotnet\sdk\5.0.103\Extensions\Microsoft.TestPlatform.Extensions.BlameDataCollector.dll
C:\Program Files\dotnet\sdk\5.0.103\Extensions\Microsoft.TestPlatform.Extensions.EventLogCollector.dll
C:\Program Files\dotnet\sdk\5.0.103\Extensions\Microsoft.TestPlatform.TestHostRuntimeProvider.dll
C:\Program Files\dotnet\sdk\5.0.103\Extensions\Microsoft.VisualStudio.TestPlatform.Extensions.Html.TestLogger.dll
C:\Program Files\dotnet\sdk\5.0.103\Extensions\Microsoft.VisualStudio.TestPlatform.Extensions.Trx.TestLogger.dll
TpTrace Verbose: 0 : 19760, 1, 2022/01/05, 21:16:35.801, 30705649765, vstest.console.dll, TestPluginCache.GetExtensionPaths: Added unfilterableExtensionPaths: 
TpTrace Information: 0 : 19760, 1, 2022/01/05, 21:16:35.803, 30705663055, vstest.console.dll, AssemblyResolver.ctor: Creating AssemblyResolver with searchDirectories C:\Program Files\dotnet\sdk\5.0.103\Extensions,C:\Program Files\dotnet\sdk\5.0.103
TpTrace Verbose: 0 : 19760, 1, 2022/01/05, 21:16:35.804, 30705678681, vstest.console.dll, TestPluginCache.DiscoverTestExtensions: Discovering the extensions using extension path.
TpTrace Verbose: 0 : 19760, 1, 2022/01/05, 21:16:35.805, 30705680721, vstest.console.dll, TestPluginCache.GetExtensionPaths: Filtered extension paths: 
TpTrace Verbose: 0 : 19760, 1, 2022/01/05, 21:16:35.805, 30705681629, vstest.console.dll, TestPluginCache.GetExtensionPaths: Added default extension paths: C:\Program Files\dotnet\sdk\5.0.103\Extensions\Microsoft.Diagnostics.NETCore.Client.dll
C:\Program Files\dotnet\sdk\5.0.103\Extensions\Microsoft.TestPlatform.Extensions.BlameDataCollector.dll
C:\Program Files\dotnet\sdk\5.0.103\Extensions\Microsoft.TestPlatform.Extensions.EventLogCollector.dll
C:\Program Files\dotnet\sdk\5.0.103\Extensions\Microsoft.TestPlatform.TestHostRuntimeProvider.dll
C:\Program Files\dotnet\sdk\5.0.103\Extensions\Microsoft.VisualStudio.TestPlatform.Extensions.Html.TestLogger.dll
C:\Program Files\dotnet\sdk\5.0.103\Extensions\Microsoft.VisualStudio.TestPlatform.Extensions.Trx.TestLogger.dll
TpTrace Verbose: 0 : 19760, 1, 2022/01/05, 21:16:35.805, 30705682377, vstest.console.dll, TestPluginCache.GetExtensionPaths: Added unfilterableExtensionPaths: 
TpTrace Verbose: 0 : 19760, 1, 2022/01/05, 21:16:35.805, 30705683813, vstest.console.dll, TestPluginCache.DiscoverTestExtensions: Discovering the extensions using allExtensionPaths: C:\Program Files\dotnet\sdk\5.0.103\Extensions\Microsoft.Diagnostics.NETCore.Client.dll
C:\Program Files\dotnet\sdk\5.0.103\Extensions\Microsoft.TestPlatform.Extensions.BlameDataCollector.dll
C:\Program Files\dotnet\sdk\5.0.103\Extensions\Microsoft.TestPlatform.Extensions.EventLogCollector.dll
C:\Program Files\dotnet\sdk\5.0.103\Extensions\Microsoft.TestPlatform.TestHostRuntimeProvider.dll
C:\Program Files\dotnet\sdk\5.0.103\Extensions\Microsoft.VisualStudio.TestPlatform.Extensions.Html.TestLogger.dll
C:\Program Files\dotnet\sdk\5.0.103\Extensions\Microsoft.VisualStudio.TestPlatform.Extensions.Trx.TestLogger.dll
TpTrace Information: 0 : 19760, 1, 2022/01/05, 21:16:35.805, 30705685739, vstest.console.dll, AssemblyResolver.AddSearchDirectories: Adding more searchDirectories C:\Program Files\dotnet\sdk\5.0.103\Extensions,C:\Program Files\dotnet\sdk\5.0.103
TpTrace Information: 0 : 19760, 1, 2022/01/05, 21:16:35.805, 30705687022, vstest.console.dll, AssemblyResolver.AddSearchDirectories: Adding more searchDirectories C:\Program Files\dotnet\sdk\5.0.103\Extensions,C:\Program Files\dotnet\sdk\5.0.103
TpTrace Information: 0 : 19760, 1, 2022/01/05, 21:16:35.805, 30705687817, vstest.console.dll, AssemblyResolver.AddSearchDirectories: Adding more searchDirectories C:\Program Files\dotnet\sdk\5.0.103\Extensions,C:\Program Files\dotnet\sdk\5.0.103
TpTrace Information: 0 : 19760, 1, 2022/01/05, 21:16:35.805, 30705688533, vstest.console.dll, AssemblyResolver.AddSearchDirectories: Adding more searchDirectories C:\Program Files\dotnet\sdk\5.0.103\Extensions,C:\Program Files\dotnet\sdk\5.0.103
TpTrace Information: 0 : 19760, 1, 2022/01/05, 21:16:35.805, 30705689439, vstest.console.dll, AssemblyResolver.AddSearchDirectories: Adding more searchDirectories C:\Program Files\dotnet\sdk\5.0.103\Extensions,C:\Program Files\dotnet\sdk\5.0.103
TpTrace Information: 0 : 19760, 1, 2022/01/05, 21:16:35.805, 30705690127, vstest.console.dll, AssemblyResolver.AddSearchDirectories: Adding more searchDirectories C:\Program Files\dotnet\sdk\5.0.103\Extensions,C:\Program Files\dotnet\sdk\5.0.103
TpTrace Information: 0 : 19760, 1, 2022/01/05, 21:16:35.806, 30705696464, vstest.console.dll, AssemblyResolver.OnResolve: Microsoft.Diagnostics.NETCore.Client: Resolving assembly.
TpTrace Information: 0 : 19760, 1, 2022/01/05, 21:16:35.808, 30705714272, vstest.console.dll, AssemblyResolver.OnResolve: Resolved assembly: Microsoft.Diagnostics.NETCore.Client, from path: C:\Program Files\dotnet\sdk\5.0.103\Extensions\Microsoft.Diagnostics.NETCore.Client.dll
TpTrace Information: 0 : 19760, 1, 2022/01/05, 21:16:35.811, 30705740412, vstest.console.dll, AssemblyResolver.OnResolve: Microsoft.Bcl.AsyncInterfaces: Resolving assembly.
TpTrace Information: 0 : 19760, 1, 2022/01/05, 21:16:35.811, 30705742915, vstest.console.dll, AssemblyResolver.OnResolve: Microsoft.Bcl.AsyncInterfaces: Failed to load assembly.
TpTrace Verbose: 0 : 19760, 1, 2022/01/05, 21:16:35.811, 30705743618, vstest.console.dll, CurrentDomain_AssemblyResolve: Resolving assembly 'Microsoft.Bcl.AsyncInterfaces'.
TpTrace Information: 0 : 19760, 1, 2022/01/05, 21:16:35.811, 30705744544, vstest.console.dll, AssemblyResolver.OnResolve: Microsoft.Bcl.AsyncInterfaces: Resolving assembly.
TpTrace Information: 0 : 19760, 1, 2022/01/05, 21:16:35.811, 30705745091, vstest.console.dll, AssemblyResolver.OnResolve: Microsoft.Bcl.AsyncInterfaces: Resolved from cache.
TpTrace Verbose: 0 : 19760, 1, 2022/01/05, 21:16:35.811, 30705745542, vstest.console.dll, CurrentDomain_AssemblyResolve: Resolving assembly 'Microsoft.Bcl.AsyncInterfaces'.
TpTrace Verbose: 0 : 19760, 1, 2022/01/05, 21:16:35.811, 30705746149, vstest.console.dll, CurrentDomainAssemblyResolve: Failed to resolve assembly 'Microsoft.Bcl.AsyncInterfaces'.
TpTrace Verbose: 0 : 19760, 1, 2022/01/05, 21:16:35.812, 30705754573, vstest.console.dll, CurrentDomainAssemblyResolve: Failed to resolve assembly 'Microsoft.Bcl.AsyncInterfaces'.
TpTrace Warning: 0 : 19760, 1, 2022/01/05, 21:16:35.829, 30705926344, vstest.console.dll, TestPluginDiscoverer: Failed to get types from assembly 'Microsoft.Diagnostics.NETCore.Client, Version=0.2.2.41902, Culture=neutral, PublicKeyToken=31bf3856ad364e35'.  Skipping test extension scan for this assembly.  Error: System.Reflection.ReflectionTypeLoadException: Unable to load one or more of the requested types.
Could not load file or assembly 'Microsoft.Bcl.AsyncInterfaces, Version=1.0.0.0, Culture=neutral, PublicKeyToken=cc7b13ffcd2ddd51'. The system cannot find the file specified.
   at System.Reflection.RuntimeModule.GetTypes(RuntimeModule module)
   at System.Reflection.RuntimeModule.GetTypes()
   at System.Reflection.Assembly.GetTypes()
   at Microsoft.VisualStudio.TestPlatform.Common.ExtensionFramework.TestPluginDiscoverer.GetTestExtensionsFromAssembly[TPluginInfo,TExtension](Assembly assembly, Dictionary`2 pluginInfos)
System.IO.FileNotFoundException: Could not load file or assembly 'Microsoft.Bcl.AsyncInterfaces, Version=1.0.0.0, Culture=neutral, PublicKeyToken=cc7b13ffcd2ddd51'. The system cannot find the file specified.
File name: 'Microsoft.Bcl.AsyncInterfaces, Version=1.0.0.0, Culture=neutral, PublicKeyToken=cc7b13ffcd2ddd51'
TpTrace Warning: 0 : 19760, 1, 2022/01/05, 21:16:35.829, 30705927769, vstest.console.dll, LoaderExceptions: System.IO.FileNotFoundException: Could not load file or assembly 'Microsoft.Bcl.AsyncInterfaces, Version=1.0.0.0, Culture=neutral, PublicKeyToken=cc7b13ffcd2ddd51'. The system cannot find the file specified.
File name: 'Microsoft.Bcl.AsyncInterfaces, Version=1.0.0.0, Culture=neutral, PublicKeyToken=cc7b13ffcd2ddd51'
TpTrace Information: 0 : 19760, 1, 2022/01/05, 21:16:35.829, 30705929029, vstest.console.dll, AssemblyResolver.OnResolve: Microsoft.TestPlatform.Extensions.BlameDataCollector: Resolving assembly.
TpTrace Information: 0 : 19760, 1, 2022/01/05, 21:16:35.831, 30705941288, vstest.console.dll, AssemblyResolver.OnResolve: Resolved assembly: Microsoft.TestPlatform.Extensions.BlameDataCollector, from path: C:\Program Files\dotnet\sdk\5.0.103\Extensions\Microsoft.TestPlatform.Extensions.BlameDataCollector.dll
TpTrace Information: 0 : 19760, 1, 2022/01/05, 21:16:35.831, 30705949023, vstest.console.dll, AssemblyResolver.OnResolve: Microsoft.TestPlatform.Extensions.EventLogCollector: Resolving assembly.
TpTrace Information: 0 : 19760, 1, 2022/01/05, 21:16:35.832, 30705959312, vstest.console.dll, AssemblyResolver.OnResolve: Resolved assembly: Microsoft.TestPlatform.Extensions.EventLogCollector, from path: C:\Program Files\dotnet\sdk\5.0.103\Extensions\Microsoft.TestPlatform.Extensions.EventLogCollector.dll
TpTrace Information: 0 : 19760, 1, 2022/01/05, 21:16:35.834, 30705975547, vstest.console.dll, AssemblyResolver.OnResolve: Microsoft.TestPlatform.TestHostRuntimeProvider: Resolving assembly.
TpTrace Information: 0 : 19760, 1, 2022/01/05, 21:16:35.836, 30705990455, vstest.console.dll, AssemblyResolver.OnResolve: Resolved assembly: Microsoft.TestPlatform.TestHostRuntimeProvider, from path: C:\Program Files\dotnet\sdk\5.0.103\Extensions\Microsoft.TestPlatform.TestHostRuntimeProvider.dll
TpTrace Information: 0 : 19760, 1, 2022/01/05, 21:16:35.837, 30706006035, vstest.console.dll, AssemblyResolver.OnResolve: Microsoft.VisualStudio.TestPlatform.Extensions.Html.TestLogger: Resolving assembly.
TpTrace Information: 0 : 19760, 1, 2022/01/05, 21:16:35.838, 30706017954, vstest.console.dll, AssemblyResolver.OnResolve: Resolved assembly: Microsoft.VisualStudio.TestPlatform.Extensions.Html.TestLogger, from path: C:\Program Files\dotnet\sdk\5.0.103\Extensions\Microsoft.VisualStudio.TestPlatform.Extensions.Html.TestLogger.dll
TpTrace Information: 0 : 19760, 1, 2022/01/05, 21:16:35.839, 30706021047, vstest.console.dll, AssemblyResolver.OnResolve: Microsoft.VisualStudio.TestPlatform.Extensions.Trx.TestLogger: Resolving assembly.
TpTrace Information: 0 : 19760, 1, 2022/01/05, 21:16:35.840, 30706032781, vstest.console.dll, AssemblyResolver.OnResolve: Resolved assembly: Microsoft.VisualStudio.TestPlatform.Extensions.Trx.TestLogger, from path: C:\Program Files\dotnet\sdk\5.0.103\Extensions\Microsoft.VisualStudio.TestPlatform.Extensions.Trx.TestLogger.dll
TpTrace Verbose: 0 : 19760, 1, 2022/01/05, 21:16:35.841, 30706046816, vstest.console.dll, TestPluginCache: Discovered the extensions using extension path ''.
TpTrace Verbose: 0 : 19760, 1, 2022/01/05, 21:16:35.841, 30706047561, vstest.console.dll, TestPluginCache: Discoverers are ''.
TpTrace Verbose: 0 : 19760, 1, 2022/01/05, 21:16:35.841, 30706048043, vstest.console.dll, TestPluginCache: Executors are ''.
TpTrace Verbose: 0 : 19760, 1, 2022/01/05, 21:16:35.841, 30706048391, vstest.console.dll, TestPluginCache: Executors2 are ''.
TpTrace Verbose: 0 : 19760, 1, 2022/01/05, 21:16:35.841, 30706048781, vstest.console.dll, TestPluginCache: Setting providers are ''.
TpTrace Verbose: 0 : 19760, 1, 2022/01/05, 21:16:35.841, 30706049155, vstest.console.dll, TestPluginCache: Loggers are ''.
TpTrace Information: 0 : 19760, 1, 2022/01/05, 21:16:35.847, 30706101283, vstest.console.dll, RunTestsArgumentProcessor:Execute: Test run is starting.
TpTrace Verbose: 0 : 19760, 1, 2022/01/05, 21:16:35.847, 30706102243, vstest.console.dll, RunTestsArgumentProcessor:Execute: Queuing Test run.
TpTrace Information: 0 : 19760, 1, 2022/01/05, 21:16:35.847, 30706104420, vstest.console.dll, TestRequestManager.RunTests: run tests started.
TpTrace Information: 0 : 19760, 1, 2022/01/05, 21:16:35.851, 30706141112, vstest.console.dll, AssemblyMetadataProvider.GetFrameWork: Determined framework:'.NETCoreApp,Version=v3.1' for source: 'D:\Work\UP\codecov-test-project\CodeCovSampleTestProject.UnitTests\bin\Debug\netcoreapp3.1\fine-code-coverage\build-output\CodeCovSampleTestProject.UnitTests.dll'
TpTrace Information: 0 : 19760, 1, 2022/01/05, 21:16:35.851, 30706142984, vstest.console.dll, Determined framework for all sources: .NETCoreApp,Version=v3.1
TpTrace Information: 0 : 19760, 1, 2022/01/05, 21:16:35.851, 30706146896, vstest.console.dll, AssemblyMetadataProvider.GetArchitecture: Determined architecture:AnyCPU info for assembly: D:\Work\UP\codecov-test-project\CodeCovSampleTestProject.UnitTests\bin\Debug\netcoreapp3.1\fine-code-coverage\build-output\CodeCovSampleTestProject.UnitTests.dll
TpTrace Information: 0 : 19760, 1, 2022/01/05, 21:16:35.853, 30706168943, vstest.console.dll, Determined platform for all sources: X64
TpTrace Information: 0 : 19760, 1, 2022/01/05, 21:16:35.857, 30706201824, vstest.console.dll, Compatible sources list : 
TpTrace Information: 0 : 19760, 1, 2022/01/05, 21:16:35.857, 30706202874, vstest.console.dll, D:\Work\UP\codecov-test-project\CodeCovSampleTestProject.UnitTests\bin\Debug\netcoreapp3.1\fine-code-coverage\build-output\CodeCovSampleTestProject.UnitTests.dll
TpTrace Information: 0 : 19760, 1, 2022/01/05, 21:16:35.859, 30706226192, vstest.console.dll, InferRunSettingsHelper.IsTestSettingsEnabled: Unable to navigate to RunSettings/MSTest. Current node: RunSettings
TpTrace Information: 0 : 19760, 1, 2022/01/05, 21:16:35.860, 30706235261, vstest.console.dll, AssemblyResolver.OnResolve: Microsoft.VisualStudio.TestPlatform.Fakes: Resolving assembly.
TpTrace Information: 0 : 19760, 1, 2022/01/05, 21:16:35.860, 30706237605, vstest.console.dll, AssemblyResolver.OnResolve: Microsoft.VisualStudio.TestPlatform.Fakes: Failed to load assembly.
TpTrace Information: 0 : 19760, 1, 2022/01/05, 21:16:35.861, 30706241690, vstest.console.dll, Failed to create newly implemented Fakes Configurator. Reason:System.IO.FileNotFoundException: Could not load file or assembly 'Microsoft.VisualStudio.TestPlatform.Fakes, Version=16.0.0.0, Culture=neutral, PublicKeyToken=null'. The system cannot find the file specified.
File name: 'Microsoft.VisualStudio.TestPlatform.Fakes, Version=16.0.0.0, Culture=neutral, PublicKeyToken=null'
   at System.Reflection.RuntimeAssembly.InternalLoad(ObjectHandleOnStack assemblyName, ObjectHandleOnStack requestingAssembly, StackCrawlMarkHandle stackMark, Boolean throwOnFileNotFound, ObjectHandleOnStack assemblyLoadContext, ObjectHandleOnStack retAssembly)
   at System.Reflection.RuntimeAssembly.InternalLoad(AssemblyName assemblyName, RuntimeAssembly requestingAssembly, StackCrawlMark& stackMark, Boolean throwOnFileNotFound, AssemblyLoadContext assemblyLoadContext)
   at System.Reflection.Assembly.Load(String assemblyString)
   at Microsoft.VisualStudio.TestPlatform.Common.Utilities.FakesUtilities.TryGetFakesCrossPlatformDataCollectorConfigurator() 
TpTrace Verbose: 0 : 19760, 1, 2022/01/05, 21:16:35.864, 30706280352, vstest.console.dll, TestPluginCache.DiscoverTestExtensions: finding test extensions in assemblies ends with: TestLogger.dll TPluginInfo: Microsoft.VisualStudio.TestPlatform.Common.ExtensionFramework.Utilities.TestLoggerPluginInformation TExtension: Microsoft.VisualStudio.TestPlatform.ObjectModel.Client.ITestLogger
TpTrace Verbose: 0 : 19760, 1, 2022/01/05, 21:16:35.865, 30706281342, vstest.console.dll, TestPluginCache.GetExtensionPaths: Filtered extension paths: 
TpTrace Verbose: 0 : 19760, 1, 2022/01/05, 21:16:35.865, 30706281823, vstest.console.dll, TestPluginCache.GetExtensionPaths: Added default extension paths: C:\Program Files\dotnet\sdk\5.0.103\Extensions\Microsoft.Diagnostics.NETCore.Client.dll
C:\Program Files\dotnet\sdk\5.0.103\Extensions\Microsoft.TestPlatform.Extensions.BlameDataCollector.dll
C:\Program Files\dotnet\sdk\5.0.103\Extensions\Microsoft.TestPlatform.Extensions.EventLogCollector.dll
C:\Program Files\dotnet\sdk\5.0.103\Extensions\Microsoft.TestPlatform.TestHostRuntimeProvider.dll
C:\Program Files\dotnet\sdk\5.0.103\Extensions\Microsoft.VisualStudio.TestPlatform.Extensions.Html.TestLogger.dll
C:\Program Files\dotnet\sdk\5.0.103\Extensions\Microsoft.VisualStudio.TestPlatform.Extensions.Trx.TestLogger.dll
TpTrace Verbose: 0 : 19760, 1, 2022/01/05, 21:16:35.865, 30706282314, vstest.console.dll, TestPluginCache.GetExtensionPaths: Added unfilterableExtensionPaths: 
TpTrace Information: 0 : 19760, 1, 2022/01/05, 21:16:35.865, 30706283888, vstest.console.dll, AssemblyResolver.AddSearchDirectories: Adding more searchDirectories C:\Program Files\dotnet\sdk\5.0.103\Extensions,C:\Program Files\dotnet\sdk\5.0.103
TpTrace Verbose: 0 : 19760, 1, 2022/01/05, 21:16:35.865, 30706284489, vstest.console.dll, TestPluginCache.DiscoverTestExtensions: Discovering the extensions using extension path.
TpTrace Verbose: 0 : 19760, 1, 2022/01/05, 21:16:35.865, 30706284883, vstest.console.dll, TestPluginCache.GetExtensionPaths: Filtered extension paths: 
TpTrace Verbose: 0 : 19760, 1, 2022/01/05, 21:16:35.865, 30706285258, vstest.console.dll, TestPluginCache.GetExtensionPaths: Added default extension paths: C:\Program Files\dotnet\sdk\5.0.103\Extensions\Microsoft.Diagnostics.NETCore.Client.dll
C:\Program Files\dotnet\sdk\5.0.103\Extensions\Microsoft.TestPlatform.Extensions.BlameDataCollector.dll
C:\Program Files\dotnet\sdk\5.0.103\Extensions\Microsoft.TestPlatform.Extensions.EventLogCollector.dll
C:\Program Files\dotnet\sdk\5.0.103\Extensions\Microsoft.TestPlatform.TestHostRuntimeProvider.dll
C:\Program Files\dotnet\sdk\5.0.103\Extensions\Microsoft.VisualStudio.TestPlatform.Extensions.Html.TestLogger.dll
C:\Program Files\dotnet\sdk\5.0.103\Extensions\Microsoft.VisualStudio.TestPlatform.Extensions.Trx.TestLogger.dll
TpTrace Verbose: 0 : 19760, 1, 2022/01/05, 21:16:35.865, 30706285765, vstest.console.dll, TestPluginCache.GetExtensionPaths: Added unfilterableExtensionPaths: 
TpTrace Verbose: 0 : 19760, 1, 2022/01/05, 21:16:35.865, 30706286154, vstest.console.dll, TestPluginCache.DiscoverTestExtensions: Discovering the extensions using allExtensionPaths: C:\Program Files\dotnet\sdk\5.0.103\Extensions\Microsoft.Diagnostics.NETCore.Client.dll
C:\Program Files\dotnet\sdk\5.0.103\Extensions\Microsoft.TestPlatform.Extensions.BlameDataCollector.dll
C:\Program Files\dotnet\sdk\5.0.103\Extensions\Microsoft.TestPlatform.Extensions.EventLogCollector.dll
C:\Program Files\dotnet\sdk\5.0.103\Extensions\Microsoft.TestPlatform.TestHostRuntimeProvider.dll
C:\Program Files\dotnet\sdk\5.0.103\Extensions\Microsoft.VisualStudio.TestPlatform.Extensions.Html.TestLogger.dll
C:\Program Files\dotnet\sdk\5.0.103\Extensions\Microsoft.VisualStudio.TestPlatform.Extensions.Trx.TestLogger.dll
TpTrace Information: 0 : 19760, 1, 2022/01/05, 21:16:35.865, 30706286759, vstest.console.dll, AssemblyResolver.AddSearchDirectories: Adding more searchDirectories C:\Program Files\dotnet\sdk\5.0.103\Extensions,C:\Program Files\dotnet\sdk\5.0.103
TpTrace Information: 0 : 19760, 1, 2022/01/05, 21:16:35.865, 30706287191, vstest.console.dll, AssemblyResolver.AddSearchDirectories: Adding more searchDirectories C:\Program Files\dotnet\sdk\5.0.103\Extensions,C:\Program Files\dotnet\sdk\5.0.103
TpTrace Information: 0 : 19760, 1, 2022/01/05, 21:16:35.865, 30706287610, vstest.console.dll, AssemblyResolver.AddSearchDirectories: Adding more searchDirectories C:\Program Files\dotnet\sdk\5.0.103\Extensions,C:\Program Files\dotnet\sdk\5.0.103
TpTrace Information: 0 : 19760, 1, 2022/01/05, 21:16:35.865, 30706288188, vstest.console.dll, AssemblyResolver.AddSearchDirectories: Adding more searchDirectories C:\Program Files\dotnet\sdk\5.0.103\Extensions,C:\Program Files\dotnet\sdk\5.0.103
TpTrace Information: 0 : 19760, 1, 2022/01/05, 21:16:35.865, 30706288590, vstest.console.dll, AssemblyResolver.AddSearchDirectories: Adding more searchDirectories C:\Program Files\dotnet\sdk\5.0.103\Extensions,C:\Program Files\dotnet\sdk\5.0.103
TpTrace Information: 0 : 19760, 1, 2022/01/05, 21:16:35.865, 30706288982, vstest.console.dll, AssemblyResolver.AddSearchDirectories: Adding more searchDirectories C:\Program Files\dotnet\sdk\5.0.103\Extensions,C:\Program Files\dotnet\sdk\5.0.103
TpTrace Information: 0 : 19760, 1, 2022/01/05, 21:16:35.866, 30706290893, vstest.console.dll, AssemblyResolver.OnResolve: Microsoft.Bcl.AsyncInterfaces: Resolving assembly.
TpTrace Information: 0 : 19760, 1, 2022/01/05, 21:16:35.866, 30706291391, vstest.console.dll, AssemblyResolver.OnResolve: Microsoft.Bcl.AsyncInterfaces: Resolved from cache.
TpTrace Verbose: 0 : 19760, 1, 2022/01/05, 21:16:35.866, 30706291806, vstest.console.dll, CurrentDomain_AssemblyResolve: Resolving assembly 'Microsoft.Bcl.AsyncInterfaces'.
TpTrace Information: 0 : 19760, 1, 2022/01/05, 21:16:35.866, 30706292473, vstest.console.dll, AssemblyResolver.OnResolve: Microsoft.Bcl.AsyncInterfaces: Resolving assembly.
TpTrace Information: 0 : 19760, 1, 2022/01/05, 21:16:35.866, 30706293492, vstest.console.dll, AssemblyResolver.OnResolve: Microsoft.Bcl.AsyncInterfaces: Resolved from cache.
TpTrace Verbose: 0 : 19760, 1, 2022/01/05, 21:16:35.866, 30706294770, vstest.console.dll, CurrentDomain_AssemblyResolve: Resolving assembly 'Microsoft.Bcl.AsyncInterfaces'.
TpTrace Verbose: 0 : 19760, 1, 2022/01/05, 21:16:35.866, 30706295487, vstest.console.dll, CurrentDomainAssemblyResolve: Failed to resolve assembly 'Microsoft.Bcl.AsyncInterfaces'.
TpTrace Verbose: 0 : 19760, 1, 2022/01/05, 21:16:35.866, 30706298630, vstest.console.dll, CurrentDomainAssemblyResolve: Failed to resolve assembly 'Microsoft.Bcl.AsyncInterfaces'.
TpTrace Warning: 0 : 19760, 1, 2022/01/05, 21:16:35.867, 30706305715, vstest.console.dll, TestPluginDiscoverer: Failed to get types from assembly 'Microsoft.Diagnostics.NETCore.Client, Version=0.2.2.41902, Culture=neutral, PublicKeyToken=31bf3856ad364e35'.  Skipping test extension scan for this assembly.  Error: System.Reflection.ReflectionTypeLoadException: Unable to load one or more of the requested types.
Could not load file or assembly 'Microsoft.Bcl.AsyncInterfaces, Version=1.0.0.0, Culture=neutral, PublicKeyToken=cc7b13ffcd2ddd51'. The system cannot find the file specified.
   at System.Reflection.RuntimeModule.GetTypes(RuntimeModule module)
   at System.Reflection.RuntimeModule.GetTypes()
   at System.Reflection.Assembly.GetTypes()
   at Microsoft.VisualStudio.TestPlatform.Common.ExtensionFramework.TestPluginDiscoverer.GetTestExtensionsFromAssembly[TPluginInfo,TExtension](Assembly assembly, Dictionary`2 pluginInfos)
System.IO.FileNotFoundException: Could not load file or assembly 'Microsoft.Bcl.AsyncInterfaces, Version=1.0.0.0, Culture=neutral, PublicKeyToken=cc7b13ffcd2ddd51'. The system cannot find the file specified.
File name: 'Microsoft.Bcl.AsyncInterfaces, Version=1.0.0.0, Culture=neutral, PublicKeyToken=cc7b13ffcd2ddd51'
TpTrace Warning: 0 : 19760, 1, 2022/01/05, 21:16:35.867, 30706306971, vstest.console.dll, LoaderExceptions: System.IO.FileNotFoundException: Could not load file or assembly 'Microsoft.Bcl.AsyncInterfaces, Version=1.0.0.0, Culture=neutral, PublicKeyToken=cc7b13ffcd2ddd51'. The system cannot find the file specified.
File name: 'Microsoft.Bcl.AsyncInterfaces, Version=1.0.0.0, Culture=neutral, PublicKeyToken=cc7b13ffcd2ddd51'
TpTrace Verbose: 0 : 19760, 1, 2022/01/05, 21:16:35.868, 30706314378, vstest.console.dll, TestPluginCache: Discovered the extensions using extension path ''.
TpTrace Verbose: 0 : 19760, 1, 2022/01/05, 21:16:35.868, 30706315367, vstest.console.dll, TestPluginCache: Discoverers are ''.
TpTrace Verbose: 0 : 19760, 1, 2022/01/05, 21:16:35.868, 30706316076, vstest.console.dll, TestPluginCache: Executors are ''.
TpTrace Verbose: 0 : 19760, 1, 2022/01/05, 21:16:35.868, 30706316726, vstest.console.dll, TestPluginCache: Executors2 are ''.
TpTrace Verbose: 0 : 19760, 1, 2022/01/05, 21:16:35.868, 30706317395, vstest.console.dll, TestPluginCache: Setting providers are ''.
TpTrace Verbose: 0 : 19760, 1, 2022/01/05, 21:16:35.868, 30706318993, vstest.console.dll, TestPluginCache: Loggers are 'logger://Microsoft/TestPlatform/Extensions/Blame/v1,logger://Microsoft/TestPlatform/HtmlLogger/v1,logger://Microsoft/TestPlatform/TrxLogger/v1'.
TpTrace Information: 0 : 19760, 1, 2022/01/05, 21:16:35.870, 30706334477, vstest.console.dll, TestPluginManager.CreateTestExtension: Attempting to load test extension: Microsoft.TestPlatform.Extensions.BlameDataCollector.BlameLogger
TpTrace Information: 0 : 19760, 1, 2022/01/05, 21:16:35.883, 30706464466, vstest.console.dll, TestPluginManager.CreateTestExtension: Attempting to load test extension: Microsoft.VisualStudio.TestPlatform.CrossPlatEngine.Hosting.DefaultTestHostManager
TpTrace Information: 0 : 19760, 1, 2022/01/05, 21:16:35.883, 30706469274, vstest.console.dll, TestPluginManager.CreateTestExtension: Attempting to load test extension: Microsoft.VisualStudio.TestPlatform.CrossPlatEngine.Hosting.DotnetTestHostManager
TpTrace Verbose: 0 : 19760, 1, 2022/01/05, 21:16:35.884, 30706479100, vstest.console.dll, TestEngine: Initializing Parallel Execution as MaxCpuCount is set to: 1
TpTrace Information: 0 : 19760, 1, 2022/01/05, 21:16:35.885, 30706488912, vstest.console.dll, InferRunSettingsHelper.IsTestSettingsEnabled: Unable to navigate to RunSettings/MSTest. Current node: RunSettings
TpTrace Verbose: 0 : 19760, 1, 2022/01/05, 21:16:35.902, 30706656989, vstest.console.dll, TestRequestSender is acting as server
TpTrace Verbose: 0 : 19760, 4, 2022/01/05, 21:16:35.908, 30706714206, vstest.console.dll, DataCollectionRequestSender.InitializeCommunication : Initialize communication. 
TpTrace Information: 0 : 19760, 4, 2022/01/05, 21:16:35.924, 30706877789, vstest.console.dll, Listening on Endpoint : 127.0.0.1:65225
TpTrace Verbose: 0 : 19760, 4, 2022/01/05, 21:16:35.948, 30707114777, vstest.console.dll, DotnetDataCollectionLauncher: Full path of dotnet.exe is C:\Program Files\dotnet\dotnet.exe
TpTrace Verbose: 0 : 19760, 4, 2022/01/05, 21:16:35.948, 30707116878, vstest.console.dll, DotnetDataCollectionLauncher: Adding  --runtimeconfig "C:\Program Files\dotnet\sdk\5.0.103\datacollector.runtimeconfig.json" in args
TpTrace Verbose: 0 : 19760, 4, 2022/01/05, 21:16:35.948, 30707118017, vstest.console.dll, DotnetDataCollectionLauncher: Adding  --depsfile "C:\Program Files\dotnet\sdk\5.0.103\datacollector.deps.json" in args
TpTrace Information: 0 : 19760, 4, 2022/01/05, 21:16:35.959, 30707226861, vstest.console.dll, ProxyDataCollectionManager.Initialize: Launched datacollector processId: 22796 port: 65225
TpTrace Information: 0 : 19760, 4, 2022/01/05, 21:16:35.959, 30707229072, vstest.console.dll, ProxyDataCollectionManager.Initialize: waiting for connection with timeout: 90 seconds
TpTrace Verbose: 0 : 19760, 4, 2022/01/05, 21:16:35.959, 30707230199, vstest.console.dll, DataCollectionRequestSender.WaitForRequestHandlerConnection : Waiting for connection with timeout: 90000
TpTrace Information: 0 : 19760, 7, 2022/01/05, 21:16:36.194, 30709575633, vstest.console.dll, Using the buffer size of 16384 bytes
TpTrace Verbose: 0 : 19760, 4, 2022/01/05, 21:16:36.194, 30709576463, vstest.console.dll, ProxyDataCollectionManager.InvokeDataCollectionServiceAction: Starting.
TpTrace Information: 0 : 19760, 7, 2022/01/05, 21:16:36.194, 30709577323, vstest.console.dll, Accepted Client request and set the flag
TpTrace Information: 0 : 19760, 4, 2022/01/05, 21:16:36.194, 30709578986, vstest.console.dll, ProxyDataCollectionManager.BeforeTestRunStart: Get environment variable and port for datacollector processId: 22796 port: 65225
TpTrace Verbose: 0 : 19760, 4, 2022/01/05, 21:16:36.195, 30709581923, vstest.console.dll, DataCollectionRequestSender.SendBeforeTestRunStartAndGetResult : Send BeforeTestRunStart message with settingsXml <RunSettings><RunConfiguration><ResultsDirectory>D:\Work\UP\codecov-test-project\CodeCovSampleTestProject.UnitTests\bin\Debug\netcoreapp3.1\fine-code-coverage\coverage-tool-output</ResultsDirectory><TargetPlatform>X64</TargetPlatform><TargetFrameworkVersion>.NETCoreApp,Version=v3.1</TargetFrameworkVersion><DesignMode>False</DesignMode><CollectSourceInformation>False</CollectSourceInformation><TestAdaptersPaths>C:\Program Files\dotnet\sdk\5.0.103\Extensions</TestAdaptersPaths></RunConfiguration><LoggerRunSettings><Loggers><Logger friendlyName="blame" enabled="True" /><Logger friendlyName="Console" uri="logger://microsoft/TestPlatform/ConsoleLogger/v1" assemblyQualifiedName="Microsoft.VisualStudio.TestPlatform.CommandLine.Internal.ConsoleLogger, vstest.console, Version=15.0.0.0, Culture=neutral, PublicKeyToken=b03f5f7f11d50a3a" codeBase="C:\Program Files\dotnet\sdk\5.0.103\vstest.console.dll" enabled="True" /></Loggers></LoggerRunSettings><DataCollectionRunSettings><DataCollectors><DataCollector friendlyName="blame" enabled="True"><Configuration><ResultsDirectory>D:\Work\UP\codecov-test-project\CodeCovSampleTestProject.UnitTests\bin\Debug\netcoreapp3.1\fine-code-coverage\coverage-tool-output</ResultsDirectory></Configuration></DataCollector></DataCollectors></DataCollectionRunSettings></RunSettings> and sources System.Linq.Enumerable+Concat2Iterator`1[System.String]: 
TpTrace Verbose: 0 : 19760, 4, 2022/01/05, 21:16:36.317, 30710802512, vstest.console.dll, DataCollectionRequestSender.SendBeforeTestRunStartAndGetResult : Received message: (DataCollection.SendMessage) -> {
  "FriendlyName": null,
  "Uri": null,
  "TestCaseId": "00000000-0000-0000-0000-000000000000",
  "Message": "Logging DataCollector Diagnostics in file: D:\\Work\\UP\\codecov-test-project\\CodeCovSampleTestProject.UnitTests\\bin\\Debug\\netcoreapp3.1\\fine-code-coverage\\coverage-tool-output\\diagnostics.datacollector.22-01-05_21-16-35_93533_4.log",
  "Level": 0
}
TpTrace Verbose: 0 : 19760, 4, 2022/01/05, 21:16:36.423, 30711861552, vstest.console.dll, DataCollectionRequestSender.SendBeforeTestRunStartAndGetResult : Received message: (DataCollection.BeforeTestRunStartResult) -> {
  "EnvironmentVariables": {},
  "DataCollectionEventsPort": 65227
}
TpTrace Information: 0 : 19760, 4, 2022/01/05, 21:16:36.428, 30711912425, vstest.console.dll, ProxyDataCollectionManager.BeforeTestRunStart: SendBeforeTestRunStartAndGetResult successful, env variable from datacollector:   and testhost port: 65227
TpTrace Information: 0 : 19760, 4, 2022/01/05, 21:16:36.428, 30711913734, vstest.console.dll, ProxyDataCollectionManager.InvokeDataCollectionServiceAction: Completed.
TpTrace Verbose: 0 : 19760, 1, 2022/01/05, 21:16:36.428, 30711916019, vstest.console.dll, TestRunRequest.ExecuteAsync: Creating test run request.
TpTrace Verbose: 0 : 19760, 1, 2022/01/05, 21:16:36.429, 30711920521, vstest.console.dll, TestRunRequest.ExecuteAsync: Starting.
TpTrace Information: 0 : 19760, 1, 2022/01/05, 21:16:36.429, 30711926402, vstest.console.dll, TestRunRequest.ExecuteAsync: Starting run with settings:TestRunCriteria:
   KeepAlive=False,FrequencyOfRunStatsChangeEvent=10,RunStatsChangeEventTimeout=00:00:01.5000000,TestCaseFilter=,TestExecutorLauncher=
   Settingsxml=<RunSettings>
  <RunConfiguration>
    <ResultsDirectory>D:\Work\UP\codecov-test-project\CodeCovSampleTestProject.UnitTests\bin\Debug\netcoreapp3.1\fine-code-coverage\coverage-tool-output</ResultsDirectory>
    <TargetPlatform>X64</TargetPlatform>
    <TargetFrameworkVersion>.NETCoreApp,Version=v3.1</TargetFrameworkVersion>
    <DesignMode>False</DesignMode>
    <CollectSourceInformation>False</CollectSourceInformation>
  </RunConfiguration>
  <LoggerRunSettings>
    <Loggers>
      <Logger friendlyName="blame" enabled="True" />
      <Logger friendlyName="Console" uri="logger://microsoft/TestPlatform/ConsoleLogger/v1" assemblyQualifiedName="Microsoft.VisualStudio.TestPlatform.CommandLine.Internal.ConsoleLogger, vstest.console, Version=15.0.0.0, Culture=neutral, PublicKeyToken=b03f5f7f11d50a3a" codeBase="C:\Program Files\dotnet\sdk\5.0.103\vstest.console.dll" enabled="True" />
    </Loggers>
  </LoggerRunSettings>
  <DataCollectionRunSettings>
    <DataCollectors>
      <DataCollector friendlyName="blame" enabled="True">
        <Configuration>
          <ResultsDirectory>D:\Work\UP\codecov-test-project\CodeCovSampleTestProject.UnitTests\bin\Debug\netcoreapp3.1\fine-code-coverage\coverage-tool-output</ResultsDirectory>
        </Configuration>
      </DataCollector>
    </DataCollectors>
  </DataCollectionRunSettings>
</RunSettings>

TpTrace Verbose: 0 : 19760, 1, 2022/01/05, 21:16:36.429, 30711927721, vstest.console.dll, TestRunRequest.ExecuteAsync: Wait for the first run request is over.
TpTrace Verbose: 0 : 19760, 1, 2022/01/05, 21:16:36.430, 30711936096, vstest.console.dll, ParallelProxyExecutionManager: Start execution. Total sources: 1
TpTrace Information: 0 : 19760, 1, 2022/01/05, 21:16:36.431, 30711946178, vstest.console.dll, ProxyParallelExecutionManager: Triggering test run for next source: D:\Work\UP\codecov-test-project\CodeCovSampleTestProject.UnitTests\bin\Debug\netcoreapp3.1\fine-code-coverage\build-output\CodeCovSampleTestProject.UnitTests.dll
TpTrace Verbose: 0 : 19760, 4, 2022/01/05, 21:16:36.431, 30711948972, vstest.console.dll, ParallelProxyExecutionManager: Execution started. Started clients: 1
TpTrace Verbose: 0 : 19760, 1, 2022/01/05, 21:16:36.431, 30711950063, vstest.console.dll, ProxyParallelExecutionManager: No sources available for execution.
TpTrace Information: 0 : 19760, 1, 2022/01/05, 21:16:36.432, 30711951193, vstest.console.dll, TestRunRequest.ExecuteAsync: Started.
TpTrace Verbose: 0 : 19760, 1, 2022/01/05, 21:16:36.432, 30711952754, vstest.console.dll, TestRunRequest.WaitForCompletion: Waiting with timeout -1.
TpTrace Verbose: 0 : 19760, 4, 2022/01/05, 21:16:36.432, 30711953365, vstest.console.dll, TestRunRequest:SendTestRunMessage: Starting.
TpTrace Information: 0 : 19760, 4, 2022/01/05, 21:16:36.432, 30711954974, vstest.console.dll, TestRunRequest:SendTestRunMessage: Completed.
TpTrace Verbose: 0 : 19760, 4, 2022/01/05, 21:16:36.432, 30711957466, vstest.console.dll, ProxyExecutionManager: Test host is always Lazy initialize.
TpTrace Verbose: 0 : 19760, 4, 2022/01/05, 21:16:36.433, 30711960547, vstest.console.dll, TestRequestSender.InitializeCommunication: initialize communication. 
TpTrace Information: 0 : 19760, 4, 2022/01/05, 21:16:36.433, 30711966797, vstest.console.dll, SocketServer.Start: Listening on endpoint : 127.0.0.1:65228
TpTrace Verbose: 0 : 19760, 4, 2022/01/05, 21:16:36.434, 30711976329, vstest.console.dll, DotnetTestHostmanager: Adding  --runtimeconfig "D:\Work\UP\codecov-test-project\CodeCovSampleTestProject.UnitTests\bin\Debug\netcoreapp3.1\fine-code-coverage\build-output\CodeCovSampleTestProject.UnitTests.runtimeconfig.json" in args
TpTrace Verbose: 0 : 19760, 4, 2022/01/05, 21:16:36.434, 30711978325, vstest.console.dll, DotnetTestHostmanager: Adding  --depsfile "D:\Work\UP\codecov-test-project\CodeCovSampleTestProject.UnitTests\bin\Debug\netcoreapp3.1\fine-code-coverage\build-output\CodeCovSampleTestProject.UnitTests.deps.json" in args
TpTrace Information: 0 : 19760, 4, 2022/01/05, 21:16:36.435, 30711983381, vstest.console.dll, AssemblyResolver.OnResolve: Microsoft.Extensions.DependencyModel: Resolving assembly.
TpTrace Information: 0 : 19760, 4, 2022/01/05, 21:16:36.437, 30712000615, vstest.console.dll, AssemblyResolver.OnResolve: Resolved assembly: Microsoft.Extensions.DependencyModel, from path: C:\Program Files\dotnet\sdk\5.0.103\Microsoft.Extensions.DependencyModel.dll
TpTrace Verbose: 0 : 19760, 4, 2022/01/05, 21:16:36.437, 30712005190, vstest.console.dll, DotnetTestHostmanager: Reading file D:\Work\UP\codecov-test-project\CodeCovSampleTestProject.UnitTests\bin\Debug\netcoreapp3.1\fine-code-coverage\build-output\CodeCovSampleTestProject.UnitTests.deps.json to get path of testhost.dll
TpTrace Verbose: 0 : 19760, 4, 2022/01/05, 21:16:36.465, 30712283404, vstest.console.dll, DotnetTestHostmanager: Relative path of testhost.dll with respect to package folder is microsoft.testplatform.testhost/16.5.0\lib/netcoreapp2.1/testhost.dll
TpTrace Verbose: 0 : 19760, 4, 2022/01/05, 21:16:36.466, 30712290907, vstest.console.dll, DotnetTestHostmanager: Looking for path microsoft.testplatform.testhost/16.5.0\lib/netcoreapp2.1/testhost.dll in folder C:\Users\denni\.dotnet\store\|arch|\|tfm|
TpTrace Verbose: 0 : 19760, 4, 2022/01/05, 21:16:36.466, 30712292502, vstest.console.dll, DotnetTestHostmanager: Looking for path microsoft.testplatform.testhost/16.5.0\lib/netcoreapp2.1/testhost.dll in folder C:\Users\denni\.nuget\packages
TpTrace Verbose: 0 : 19760, 4, 2022/01/05, 21:16:36.466, 30712295642, vstest.console.dll, DotnetTestHostManager: Testhost.exe/testhost.x86.exe found at path: C:\Users\denni\.nuget\packages\microsoft.testplatform.testhost\16.5.0\build\netcoreapp2.1\x64\testhost.exe
TpTrace Verbose: 0 : 19760, 4, 2022/01/05, 21:16:36.466, 30712296421, vstest.console.dll, DotnetTestHostmanager: Full path of host exe is C:\Users\denni\.nuget\packages\microsoft.testplatform.testhost\16.5.0\build\netcoreapp2.1\x64\testhost.exe
TpTrace Verbose: 0 : 19760, 6, 2022/01/05, 21:16:36.467, 30712307054, vstest.console.dll, DotnetTestHostManager: Starting process 'C:\Users\denni\.nuget\packages\microsoft.testplatform.testhost\16.5.0\build\netcoreapp2.1\x64\testhost.exe' with command line ' --runtimeconfig "D:\Work\UP\codecov-test-project\CodeCovSampleTestProject.UnitTests\bin\Debug\netcoreapp3.1\fine-code-coverage\build-output\CodeCovSampleTestProject.UnitTests.runtimeconfig.json" --depsfile "D:\Work\UP\codecov-test-project\CodeCovSampleTestProject.UnitTests\bin\Debug\netcoreapp3.1\fine-code-coverage\build-output\CodeCovSampleTestProject.UnitTests.deps.json" --port 65228 --endpoint 127.0.0.1:065228 --role client --parentprocessid 19760 --diag "D:\Work\UP\codecov-test-project\CodeCovSampleTestProject.UnitTests\bin\Debug\netcoreapp3.1\fine-code-coverage\coverage-tool-output\diagnostics.host.22-01-05_21-16-36_43403_4.log" --tracelevel 4 --datacollectionport 65227 --telemetryoptedin false'
TpTrace Verbose: 0 : 19760, 6, 2022/01/05, 21:16:36.473, 30712364318, vstest.console.dll, Test Runtime launched
TpTrace Verbose: 0 : 19760, 4, 2022/01/05, 21:16:36.474, 30712375550, vstest.console.dll, TestRequestSender.WaitForRequestHandlerConnection: waiting for connection with timeout: 90000
TpTrace Verbose: 0 : 19760, 14, 2022/01/05, 21:16:36.753, 30715168634, vstest.console.dll, SocketServer.OnClientConnected: Client connected for endPoint: 127.0.0.1:65228, starting MessageLoopAsync:
TpTrace Verbose: 0 : 19760, 14, 2022/01/05, 21:16:36.754, 30715173183, vstest.console.dll, TcpClientExtensions.MessageLoopAsync: Polling on remoteEndPoint: 127.0.0.1:65229 localEndPoint: 127.0.0.1:65228
TpTrace Verbose: 0 : 19760, 14, 2022/01/05, 21:16:37.060, 30718237369, vstest.console.dll, TcpClientExtensions.MessageLoopAsync: NotifyDataAvailable remoteEndPoint: 127.0.0.1:65229 localEndPoint: 127.0.0.1:65228
TpTrace Verbose: 0 : 19760, 14, 2022/01/05, 21:16:37.061, 30718241585, vstest.console.dll, TestRequestSender.CheckVersionWithTestHost: onMessageReceived received message: (ProtocolVersion) -> 2
TpTrace Verbose: 0 : 19760, 14, 2022/01/05, 21:16:37.062, 30718250400, vstest.console.dll, TcpClientExtensions.MessageLoopAsync: Polling on remoteEndPoint: 127.0.0.1:65229 localEndPoint: 127.0.0.1:65228
TpTrace Verbose: 0 : 19760, 4, 2022/01/05, 21:16:37.062, 30718252502, vstest.console.dll, TestPluginCache.GetExtensionPaths: Filtered extension paths: 
TpTrace Verbose: 0 : 19760, 4, 2022/01/05, 21:16:37.062, 30718253916, vstest.console.dll, TestPluginCache.GetExtensionPaths: Added default extension paths: C:\Program Files\dotnet\sdk\5.0.103\Extensions\Microsoft.Diagnostics.NETCore.Client.dll
C:\Program Files\dotnet\sdk\5.0.103\Extensions\Microsoft.TestPlatform.Extensions.BlameDataCollector.dll
C:\Program Files\dotnet\sdk\5.0.103\Extensions\Microsoft.TestPlatform.Extensions.EventLogCollector.dll
C:\Program Files\dotnet\sdk\5.0.103\Extensions\Microsoft.TestPlatform.TestHostRuntimeProvider.dll
C:\Program Files\dotnet\sdk\5.0.103\Extensions\Microsoft.VisualStudio.TestPlatform.Extensions.Html.TestLogger.dll
C:\Program Files\dotnet\sdk\5.0.103\Extensions\Microsoft.VisualStudio.TestPlatform.Extensions.Trx.TestLogger.dll
TpTrace Verbose: 0 : 19760, 4, 2022/01/05, 21:16:37.062, 30718254755, vstest.console.dll, TestPluginCache.GetExtensionPaths: Added unfilterableExtensionPaths: 
TpTrace Verbose: 0 : 19760, 4, 2022/01/05, 21:16:37.070, 30718336764, vstest.console.dll, TestRequestSender.InitializeExecution: Sending initializing execution with message: {"Version":2,"MessageType":"TestExecution.Initialize","Payload":["D:\\Work\\UP\\codecov-test-project\\CodeCovSampleTestProject.UnitTests\\bin\\Debug\\netcoreapp3.1\\fine-code-coverage\\build-output\\xunit.runner.visualstudio.dotnetcore.testadapter.dll"]}
TpTrace Verbose: 0 : 19760, 14, 2022/01/05, 21:16:37.090, 30718535139, vstest.console.dll, TcpClientExtensions.MessageLoopAsync: NotifyDataAvailable remoteEndPoint: 127.0.0.1:65229 localEndPoint: 127.0.0.1:65228
TpTrace Verbose: 0 : 19760, 14, 2022/01/05, 21:16:37.090, 30718537802, vstest.console.dll, TestRequestSender.OnExecutionMessageReceived: Received message: {"Version":2,"MessageType":"TestSession.Message","Payload":{"MessageLevel":0,"Message":"Logging TestHost Diagnostics in file: D:\\Work\\UP\\codecov-test-project\\CodeCovSampleTestProject.UnitTests\\bin\\Debug\\netcoreapp3.1\\fine-code-coverage\\coverage-tool-output\\diagnostics.host.22-01-05_21-16-36_43403_4.log"}}
TpTrace Verbose: 0 : 19760, 4, 2022/01/05, 21:16:37.091, 30718548148, vstest.console.dll, TestRequestSender.StartTestRun: Sending test run with message: {"Version":2,"MessageType":"TestExecution.StartWithSources","Payload":{"AdapterSourceMap":{"_none_":["D:\\Work\\UP\\codecov-test-project\\CodeCovSampleTestProject.UnitTests\\bin\\Debug\\netcoreapp3.1\\fine-code-coverage\\build-output\\CodeCovSampleTestProject.UnitTests.dll"]},"RunSettings":"<RunSettings>\r\n  <RunConfiguration>\r\n    <ResultsDirectory>D:\\Work\\UP\\codecov-test-project\\CodeCovSampleTestProject.UnitTests\\bin\\Debug\\netcoreapp3.1\\fine-code-coverage\\coverage-tool-output</ResultsDirectory>\r\n    <TargetPlatform>X64</TargetPlatform>\r\n    <TargetFrameworkVersion>.NETCoreApp,Version=v3.1</TargetFrameworkVersion>\r\n    <DesignMode>False</DesignMode>\r\n    <CollectSourceInformation>False</CollectSourceInformation>\r\n  </RunConfiguration>\r\n  <LoggerRunSettings>\r\n    <Loggers>\r\n      <Logger friendlyName=\"blame\" enabled=\"True\" />\r\n      <Logger friendlyName=\"Console\" uri=\"logger://microsoft/TestPlatform/ConsoleLogger/v1\" assemblyQualifiedName=\"Microsoft.VisualStudio.TestPlatform.CommandLine.Internal.ConsoleLogger, vstest.console, Version=15.0.0.0, Culture=neutral, PublicKeyToken=b03f5f7f11d50a3a\" codeBase=\"C:\\Program Files\\dotnet\\sdk\\5.0.103\\vstest.console.dll\" enabled=\"True\" />\r\n    </Loggers>\r\n  </LoggerRunSettings>\r\n  <DataCollectionRunSettings>\r\n    <DataCollectors>\r\n      <DataCollector friendlyName=\"blame\" enabled=\"True\">\r\n        <Configuration>\r\n          <ResultsDirectory>D:\\Work\\UP\\codecov-test-project\\CodeCovSampleTestProject.UnitTests\\bin\\Debug\\netcoreapp3.1\\fine-code-coverage\\coverage-tool-output</ResultsDirectory>\r\n        </Configuration>\r\n      </DataCollector>\r\n    </DataCollectors>\r\n  </DataCollectionRunSettings>\r\n</RunSettings>","TestExecutionContext":{"FrequencyOfRunStatsChangeEvent":10,"RunStatsChangeEventTimeout":"00:00:01.5000000","InIsolation":false,"KeepAlive":false,"AreTestCaseLevelEventsRequired":false,"IsDebug":false,"TestCaseFilter":null,"FilterOptions":null},"Package":null}}
TpTrace Verbose: 0 : 19760, 14, 2022/01/05, 21:16:37.094, 30718578346, vstest.console.dll, TestRunRequest:SendTestRunMessage: Starting.
TpTrace Information: 0 : 19760, 14, 2022/01/05, 21:16:37.095, 30718580523, vstest.console.dll, TestRunRequest:SendTestRunMessage: Completed.
TpTrace Verbose: 0 : 19760, 14, 2022/01/05, 21:16:37.095, 30718581454, vstest.console.dll, TcpClientExtensions.MessageLoopAsync: Polling on remoteEndPoint: 127.0.0.1:65229 localEndPoint: 127.0.0.1:65228
TpTrace Verbose: 0 : 19760, 14, 2022/01/05, 21:16:37.401, 30721642583, vstest.console.dll, TcpClientExtensions.MessageLoopAsync: NotifyDataAvailable remoteEndPoint: 127.0.0.1:65229 localEndPoint: 127.0.0.1:65228
TpTrace Verbose: 0 : 19760, 14, 2022/01/05, 21:16:37.401, 30721644499, vstest.console.dll, TestRequestSender.OnExecutionMessageReceived: Received message: {"Version":2,"MessageType":"TestSession.Message","Payload":{"MessageLevel":0,"Message":"[xUnit.net 00:00:00.00] xUnit.net VSTest Adapter v2.4.0 (64-bit .NET Core 3.1.12)"}}
TpTrace Verbose: 0 : 19760, 14, 2022/01/05, 21:16:37.401, 30721648768, vstest.console.dll, TestRunRequest:SendTestRunMessage: Starting.
TpTrace Information: 0 : 19760, 14, 2022/01/05, 21:16:37.401, 30721649897, vstest.console.dll, TestRunRequest:SendTestRunMessage: Completed.
TpTrace Verbose: 0 : 19760, 14, 2022/01/05, 21:16:37.402, 30721650608, vstest.console.dll, TcpClientExtensions.MessageLoopAsync: Polling on remoteEndPoint: 127.0.0.1:65229 localEndPoint: 127.0.0.1:65228
TpTrace Verbose: 0 : 19760, 14, 2022/01/05, 21:16:38.073, 30728368391, vstest.console.dll, TcpClientExtensions.MessageLoopAsync: NotifyDataAvailable remoteEndPoint: 127.0.0.1:65229 localEndPoint: 127.0.0.1:65228
TpTrace Verbose: 0 : 19760, 14, 2022/01/05, 21:16:38.073, 30728369861, vstest.console.dll, TestRequestSender.OnExecutionMessageReceived: Received message: {"Version":2,"MessageType":"TestSession.Message","Payload":{"MessageLevel":0,"Message":"[xUnit.net 00:00:00.68]   Discovering: CodeCovSampleTestProject.UnitTests"}}
TpTrace Verbose: 0 : 19760, 14, 2022/01/05, 21:16:38.074, 30728372189, vstest.console.dll, TestRunRequest:SendTestRunMessage: Starting.
TpTrace Information: 0 : 19760, 14, 2022/01/05, 21:16:38.074, 30728373079, vstest.console.dll, TestRunRequest:SendTestRunMessage: Completed.
TpTrace Verbose: 0 : 19760, 14, 2022/01/05, 21:16:38.074, 30728374036, vstest.console.dll, TcpClientExtensions.MessageLoopAsync: Polling on remoteEndPoint: 127.0.0.1:65229 localEndPoint: 127.0.0.1:65228
TpTrace Verbose: 0 : 19760, 14, 2022/01/05, 21:16:38.135, 30728983508, vstest.console.dll, TcpClientExtensions.MessageLoopAsync: NotifyDataAvailable remoteEndPoint: 127.0.0.1:65229 localEndPoint: 127.0.0.1:65228
TpTrace Verbose: 0 : 19760, 14, 2022/01/05, 21:16:38.135, 30728985364, vstest.console.dll, TestRequestSender.OnExecutionMessageReceived: Received message: {"Version":2,"MessageType":"TestSession.Message","Payload":{"MessageLevel":0,"Message":"[xUnit.net 00:00:00.74]   Discovered:  CodeCovSampleTestProject.UnitTests"}}
TpTrace Verbose: 0 : 19760, 14, 2022/01/05, 21:16:38.135, 30728988109, vstest.console.dll, TestRunRequest:SendTestRunMessage: Starting.
TpTrace Information: 0 : 19760, 14, 2022/01/05, 21:16:38.135, 30728989146, vstest.console.dll, TestRunRequest:SendTestRunMessage: Completed.
TpTrace Verbose: 0 : 19760, 14, 2022/01/05, 21:16:38.135, 30728989835, vstest.console.dll, TcpClientExtensions.MessageLoopAsync: Polling on remoteEndPoint: 127.0.0.1:65229 localEndPoint: 127.0.0.1:65228
TpTrace Verbose: 0 : 19760, 14, 2022/01/05, 21:16:38.141, 30729046951, vstest.console.dll, TcpClientExtensions.MessageLoopAsync: NotifyDataAvailable remoteEndPoint: 127.0.0.1:65229 localEndPoint: 127.0.0.1:65228
TpTrace Verbose: 0 : 19760, 14, 2022/01/05, 21:16:38.141, 30729048649, vstest.console.dll, TestRequestSender.OnExecutionMessageReceived: Received message: {"Version":2,"MessageType":"TestSession.Message","Payload":{"MessageLevel":0,"Message":"[xUnit.net 00:00:00.74]   Starting:    CodeCovSampleTestProject.UnitTests"}}
TpTrace Verbose: 0 : 19760, 14, 2022/01/05, 21:16:38.142, 30729051765, vstest.console.dll, TestRunRequest:SendTestRunMessage: Starting.
TpTrace Information: 0 : 19760, 14, 2022/01/05, 21:16:38.142, 30729053007, vstest.console.dll, TestRunRequest:SendTestRunMessage: Completed.
TpTrace Verbose: 0 : 19760, 14, 2022/01/05, 21:16:38.142, 30729053807, vstest.console.dll, TcpClientExtensions.MessageLoopAsync: Polling on remoteEndPoint: 127.0.0.1:65229 localEndPoint: 127.0.0.1:65228
TpTrace Verbose: 0 : 19760, 14, 2022/01/05, 21:16:38.328, 30730912865, vstest.console.dll, TcpClientExtensions.MessageLoopAsync: NotifyDataAvailable remoteEndPoint: 127.0.0.1:65229 localEndPoint: 127.0.0.1:65228
TpTrace Verbose: 0 : 19760, 14, 2022/01/05, 21:16:38.328, 30730915132, vstest.console.dll, TestRequestSender.OnExecutionMessageReceived: Received message: {"Version":2,"MessageType":"TestSession.Message","Payload":{"MessageLevel":0,"Message":"[xUnit.net 00:00:00.93]   Finished:    CodeCovSampleTestProject.UnitTests"}}
TpTrace Verbose: 0 : 19760, 14, 2022/01/05, 21:16:38.328, 30730917971, vstest.console.dll, TestRunRequest:SendTestRunMessage: Starting.
TpTrace Information: 0 : 19760, 14, 2022/01/05, 21:16:38.328, 30730919110, vstest.console.dll, TestRunRequest:SendTestRunMessage: Completed.
TpTrace Verbose: 0 : 19760, 14, 2022/01/05, 21:16:38.328, 30730919952, vstest.console.dll, TcpClientExtensions.MessageLoopAsync: Polling on remoteEndPoint: 127.0.0.1:65229 localEndPoint: 127.0.0.1:65228
TpTrace Verbose: 0 : 19760, 14, 2022/01/05, 21:16:38.411, 30731744322, vstest.console.dll, TcpClientExtensions.MessageLoopAsync: NotifyDataAvailable remoteEndPoint: 127.0.0.1:65229 localEndPoint: 127.0.0.1:65228
TpTrace Verbose: 0 : 19760, 14, 2022/01/05, 21:16:38.411, 30731747045, vstest.console.dll, TestRequestSender.OnExecutionMessageReceived: Received message: {"Version":2,"MessageType":"TestExecution.Completed","Payload":{"TestRunCompleteArgs":{"TestRunStatistics":{"ExecutedTests":1,"Stats":{"Passed":1}},"IsCanceled":false,"IsAborted":false,"Error":null,"AttachmentSets":[],"ElapsedTimeInRunningTests":"00:00:00.9571502","Metrics":{}},"LastRunTests":{"NewTestResults":[{"TestCase":{"Id":"d33f8c49-345b-f945-5dcd-8a80bef14e91","FullyQualifiedName":"CodeCovSampleTestProject.UnitTests.TestClass_UnitTests.CanVote_RetunrsTrue_IfUnder18","DisplayName":"CodeCovSampleTestProject.UnitTests.TestClass_UnitTests.CanVote_RetunrsTrue_IfUnder18","ExecutorUri":"executor://xunit/VsTestRunner2/netcoreapp","Source":"D:\\Work\\UP\\codecov-test-project\\CodeCovSampleTestProject.UnitTests\\bin\\Debug\\netcoreapp3.1\\fine-code-coverage\\build-output\\CodeCovSampleTestProject.UnitTests.dll","CodeFilePath":null,"LineNumber":0,"Properties":[]},"Attachments":[],"Outcome":1,"ErrorMessage":null,"ErrorStackTrace":null,"DisplayName":"CodeCovSampleTestProject.UnitTests.TestClass_UnitTests.CanVote_RetunrsTrue_IfUnder18","Messages":[],"ComputerName":"DESKTOP-FR7LMSM","Duration":"00:00:00.0077693","StartTime":"2022-01-05T18:16:38.2918979+00:00","EndTime":"2022-01-05T18:16:38.2920412+00:00","Properties":[]}],"TestRunStatistics":{"ExecutedTests":1,"Stats":{"Passed":1}},"ActiveTests":[]},"RunAttachments":[],"ExecutorUris":["executor://xunit/VsTestRunner2/netcoreapp"]}}
TpTrace Verbose: 0 : 19760, 14, 2022/01/05, 21:16:38.414, 30731779917, vstest.console.dll, TestRequestSender.EndSession: Sending end session.
TpTrace Verbose: 0 : 19760, 14, 2022/01/05, 21:16:38.415, 30731782151, vstest.console.dll, ProxyOperationManager.Close: waiting for test host to exit for 100 ms
TpTrace Warning: 0 : 19760, 12, 2022/01/05, 21:16:38.501, 30732648036, vstest.console.dll, TestHostManagerCallbacks.ErrorReceivedCallback Test host standard error line: 
TpTrace Verbose: 0 : 19760, 7, 2022/01/05, 21:16:38.521, 30732843626, vstest.console.dll, TestHostProvider.ExitCallBack: Host exited starting callback.
TpTrace Information: 0 : 19760, 7, 2022/01/05, 21:16:38.521, 30732849976, vstest.console.dll, TestHostManagerCallbacks.ExitCallBack: Testhost processId: 25812 exited with exitcode: 0 error: ''
TpTrace Verbose: 0 : 19760, 7, 2022/01/05, 21:16:38.522, 30732850741, vstest.console.dll, DotnetTestHostManager.OnHostExited: invoking OnHostExited callback
TpTrace Verbose: 0 : 19760, 7, 2022/01/05, 21:16:38.522, 30732851448, vstest.console.dll, CrossPlatEngine.TestHostManagerHostExited: calling on client process exit callback.
TpTrace Information: 0 : 19760, 7, 2022/01/05, 21:16:38.522, 30732852180, vstest.console.dll, TestRequestSender.OnClientProcessExit: Test host process exited. Standard error: 
TpTrace Warning: 0 : 19760, 14, 2022/01/05, 21:16:38.522, 30732852324, vstest.console.dll, ProxyOperationManager: Timed out waiting for test host to exit. Will terminate process.
TpTrace Information: 0 : 19760, 7, 2022/01/05, 21:16:38.522, 30732852863, vstest.console.dll, SocketServer.Stop: Stop server endPoint: 127.0.0.1:65228
TpTrace Information: 0 : 19760, 7, 2022/01/05, 21:16:38.522, 30732854122, vstest.console.dll, SocketServer.Stop: Cancellation requested. Stopping message loop.
TpTrace Verbose: 0 : 19760, 14, 2022/01/05, 21:16:38.522, 30732859937, vstest.console.dll, ProxyDataCollectionManager.InvokeDataCollectionServiceAction: Starting.
TpTrace Information: 0 : 19760, 14, 2022/01/05, 21:16:38.523, 30732860637, vstest.console.dll, ProxyDataCollectionManager.AfterTestRunEnd: Get attachment set for datacollector processId: 22796 port: 65225
TpTrace Verbose: 0 : 19760, 14, 2022/01/05, 21:16:38.523, 30732861261, vstest.console.dll, DataCollectionRequestSender.SendAfterTestRunStartAndGetResult : Send AfterTestRunEnd message with isCancelled: False
TpTrace Verbose: 0 : 19760, 14, 2022/01/05, 21:16:38.526, 30732892122, vstest.console.dll, DataCollectionRequestSender.SendAfterTestRunStartAndGetResult : Received message: (DataCollection.AfterTestRunEndResult) -> []
TpTrace Information: 0 : 19760, 14, 2022/01/05, 21:16:38.529, 30732921325, vstest.console.dll, ProxyDataCollectionManager.InvokeDataCollectionServiceAction: Completed.
TpTrace Warning: 0 : 19760, 9, 2022/01/05, 21:16:38.538, 30733012111, vstest.console.dll, DataCollectionLauncher.ErrorReceivedCallback datacollector standard error line: 
TpTrace Information: 0 : 19760, 7, 2022/01/05, 21:16:38.546, 30733095840, vstest.console.dll, DataCollectionLauncher.ExitCallBack: Data collector exited with exitcode: 0 error: ''
TpTrace Verbose: 0 : 19760, 14, 2022/01/05, 21:16:38.609, 30733728360, vstest.console.dll, TestRunRequest:SendTestRunStatsChange: Starting.
TpTrace Information: 0 : 19760, 14, 2022/01/05, 21:16:38.610, 30733731948, vstest.console.dll, TestRunRequest:SendTestRunStatsChange: Completed.
TpTrace Verbose: 0 : 19760, 14, 2022/01/05, 21:16:38.610, 30733735071, vstest.console.dll, ParallelProxyExecutionManager: HandlePartialRunComplete: Total completed clients = 1, Run complete = True, Run canceled: False.
TpTrace Verbose: 0 : 19760, 14, 2022/01/05, 21:16:38.649, 30734121824, vstest.console.dll, TestRunRequest:TestRunComplete: Starting. IsAborted:False IsCanceled:False.
TpTrace Verbose: 0 : 19760, 14, 2022/01/05, 21:16:38.649, 30734125144, vstest.console.dll, TestLoggerManager.HandleTestRunComplete: Ignoring as the object is disposed.
TpTrace Information: 0 : 19760, 14, 2022/01/05, 21:16:38.650, 30734130554, vstest.console.dll, TestRunRequest:TestRunComplete: Completed.
TpTrace Verbose: 0 : 19760, 14, 2022/01/05, 21:16:38.650, 30734131417, vstest.console.dll, TestRequestSender.SetOperationComplete: Setting operation complete.
TpTrace Verbose: 0 : 19760, 1, 2022/01/05, 21:16:38.650, 30734131469, vstest.console.dll, TestRunRequest.Dispose: Starting.
TpTrace Information: 0 : 19760, 14, 2022/01/05, 21:16:38.650, 30734132200, vstest.console.dll, SocketServer.Stop: Stop server endPoint: 127.0.0.1:65228
TpTrace Information: 0 : 19760, 1, 2022/01/05, 21:16:38.650, 30734133610, vstest.console.dll, TestRunRequest.Dispose: Completed.
TpTrace Information: 0 : 19760, 14, 2022/01/05, 21:16:38.650, 30734134424, vstest.console.dll, SocketServer.Stop: Cancellation requested. Stopping message loop.
TpTrace Information: 0 : 19760, 1, 2022/01/05, 21:16:38.650, 30734135597, vstest.console.dll, TestRequestManager.RunTests: run tests completed.
TpTrace Information: 0 : 19760, 14, 2022/01/05, 21:16:38.650, 30734136410, vstest.console.dll, SocketServer.PrivateStop: Stop server endPoint: 127.0.0.1:65228 error: 
TpTrace Information: 0 : 19760, 1, 2022/01/05, 21:16:38.650, 30734137758, vstest.console.dll, RunTestsArgumentProcessor:Execute: Test run is completed.
TpTrace Verbose: 0 : 19760, 1, 2022/01/05, 21:16:38.650, 30734138391, vstest.console.dll, Executor.Execute: Exiting with exit code of 0
TpTrace Verbose: 0 : 19760, 14, 2022/01/05, 21:16:38.651, 30734147252, vstest.console.dll, LengthPrefixCommunicationChannel.Dispose: Dispose reader and writer.
TpTrace Information: 0 : 19760, 14, 2022/01/05, 21:16:38.651, 30734148482, vstest.console.dll, SocketServer.Stop: Raise disconnected event endPoint: 127.0.0.1:65228 error: 
TpTrace Verbose: 0 : 19760, 14, 2022/01/05, 21:16:38.651, 30734149716, vstest.console.dll, TestRequestSender: OnTestRunAbort: Operation is already complete. Skip error message.
TpTrace Verbose: 0 : 19760, 14, 2022/01/05, 21:16:38.652, 30734150408, vstest.console.dll, TcpClientExtensions.MessageLoopAsync: exiting MessageLoopAsync remoteEndPoint: 127.0.0.1:65229 localEndPoint: 127.0.0.1:65228
